Looking for git in: git
Using git 2.25.1 from git
> git rev-parse --git-dir
Open repository: /home/justincase
> git status -z -u
> git check-ignore -v -z --stdin
> git symbolic-ref --short HEAD
> git for-each-ref --format=%(refname)%00%(upstream:short)%00%(upstream:track)%00%(objectname) refs/heads/master refs/remotes/master
> git for-each-ref --sort -committerdate --format %(refname) %(objectname) %(*objectname)
> git remote --verbose
> git config --get commit.template
> git show --textconv :Lampsetup.yml
> git ls-files --stage -- /home/justincase/Lampsetup.yml
> git cat-file -s 9850c417928a13be7013c021d53530abdab3953a
> git show --textconv :Lampsetup.yml
> git ls-files --stage -- /home/justincase/Lampsetup.yml
> git cat-file -s 9850c417928a13be7013c021d53530abdab3953a
> git show --textconv :Lampsetup.yml
> git ls-files --stage -- /home/justincase/Lampsetup.yml
> git cat-file -s 9850c417928a13be7013c021d53530abdab3953a
> git show --textconv :Lampsetup.yml
> git ls-files --stage -- /home/justincase/Lampsetup.yml
> git cat-file -s 9850c417928a13be7013c021d53530abdab3953a
> git show --textconv :Lampsetup.yml
> git ls-files --stage -- /home/justincase/Lampsetup.yml
> git cat-file -s 9850c417928a13be7013c021d53530abdab3953a
> git check-ignore -v -z --stdin
> git show --textconv :gather.yml
> git ls-files --stage -- /home/justincase/gather.yml
> git check-ignore -v -z --stdin
> git check-ignore -v -z --stdin
> git check-ignore -v -z --stdin
> git check-ignore -v -z --stdin
> git status -z -u
> git symbolic-ref --short HEAD
> git for-each-ref --format=%(refname)%00%(upstream:short)%00%(upstream:track)%00%(objectname) refs/heads/master refs/remotes/master
> git for-each-ref --sort -committerdate --format %(refname) %(objectname) %(*objectname)
> git remote --verbose
> git config --get commit.template
> git show --textconv :Lampsetup.yml
> git ls-files --stage -- /home/justincase/Lampsetup.yml
> git cat-file -s 9850c417928a13be7013c021d53530abdab3953a
> git -c user.useConfigOnly=true commit --quiet --allow-empty-message --file -
> git status -z -u
> git symbolic-ref --short HEAD
> git for-each-ref --format=%(refname)%00%(upstream:short)%00%(upstream:track)%00%(objectname) refs/heads/master refs/remotes/master
> git for-each-ref --sort -committerdate --format %(refname) %(objectname) %(*objectname)
> git remote --verbose
> git config --get commit.template
> git check-ignore -v -z --stdin
> git show --textconv :gather.yml
> git ls-files --stage -- /home/justincase/gather.yml
> git check-ignore -v -z --stdin
> git status -z -u
> git symbolic-ref --short HEAD
> git for-each-ref --format=%(refname)%00%(upstream:short)%00%(upstream:track)%00%(objectname) refs/heads/master refs/remotes/master
> git for-each-ref --sort -committerdate --format %(refname) %(objectname) %(*objectname)
> git remote --verbose
> git config --get commit.template
> git check-ignore -v -z --stdin
> git check-ignore -v -z --stdin
> git status -z -u
> git symbolic-ref --short HEAD
> git for-each-ref --format=%(refname)%00%(upstream:short)%00%(upstream:track)%00%(objectname) refs/heads/master refs/remotes/master
> git for-each-ref --sort -committerdate --format %(refname) %(objectname) %(*objectname)
> git remote --verbose
> git config --get commit.template
> git add -A -- .
