[2021-03-01 19:16:05.478] [exthost] [info] extension host started
[2021-03-01 19:16:07.457] [exthost] [info] ExtensionService#_doActivateExtension vscode.microsoft-authentication {"startup":false,"extensionId":{"value":"vscode.microsoft-authentication","_lower":"vscode.microsoft-authentication"},"activationEvent":"onAuthenticationRequest:microsoft"}
[2021-03-01 19:16:07.457] [exthost] [info] ExtensionService#loadCommonJSModule file:///snap/code/55/usr/share/code/resources/app/extensions/microsoft-authentication/dist/extension.js
[2021-03-01 19:16:07.778] [exthost] [info] ExtensionService#_doActivateExtension vscode.debug-auto-launch {"startup":true,"extensionId":{"value":"vscode.debug-auto-launch","_lower":"vscode.debug-auto-launch"},"activationEvent":"*"}
[2021-03-01 19:16:07.778] [exthost] [info] ExtensionService#loadCommonJSModule file:///snap/code/55/usr/share/code/resources/app/extensions/debug-auto-launch/dist/extension
[2021-03-01 19:16:07.793] [exthost] [info] ExtensionService#_doActivateExtension vscode.git {"startup":true,"extensionId":{"value":"vscode.github","_lower":"vscode.github"},"activationEvent":"*"}
[2021-03-01 19:16:07.793] [exthost] [info] ExtensionService#loadCommonJSModule file:///snap/code/55/usr/share/code/resources/app/extensions/git/dist/main
[2021-03-01 19:16:14.259] [exthost] [info] ExtensionService#_doActivateExtension ms-vscode.js-debug {"startup":false,"extensionId":{"value":"ms-vscode.js-debug","_lower":"ms-vscode.js-debug"},"activationEvent":"onCommand:extension.js-debug.clearAutoAttachVariables"}
[2021-03-01 19:16:14.259] [exthost] [info] ExtensionService#loadCommonJSModule file:///snap/code/55/usr/share/code/resources/app/extensions/ms-vscode.js-debug/src/extension.js
[2021-03-01 19:16:23.453] [exthost] [info] ExtensionService#_doActivateExtension vscode.github {"startup":true,"extensionId":{"value":"vscode.github","_lower":"vscode.github"},"activationEvent":"*"}
[2021-03-01 19:16:23.453] [exthost] [info] ExtensionService#loadCommonJSModule file:///snap/code/55/usr/share/code/resources/app/extensions/github/dist/extension.js
[2021-03-01 19:16:23.643] [exthost] [info] ExtensionService#_doActivateExtension vscode.emmet {"startup":false,"extensionId":{"value":"vscode.emmet","_lower":"vscode.emmet"},"activationEvent":"onStartupFinished"}
[2021-03-01 19:16:23.643] [exthost] [info] ExtensionService#loadCommonJSModule file:///snap/code/55/usr/share/code/resources/app/extensions/emmet/dist/node/emmetNodeMain
[2021-03-01 19:16:24.121] [exthost] [info] ExtensionService#_doActivateExtension vscode.merge-conflict {"startup":false,"extensionId":{"value":"vscode.merge-conflict","_lower":"vscode.merge-conflict"},"activationEvent":"onStartupFinished"}
[2021-03-01 19:16:24.121] [exthost] [info] ExtensionService#loadCommonJSModule file:///snap/code/55/usr/share/code/resources/app/extensions/merge-conflict/dist/mergeConflictMain
[2021-03-01 19:16:24.211] [exthost] [info] ExtensionService#_doActivateExtension vscode.testing-editor-contributions {"startup":false,"extensionId":{"value":"vscode.testing-editor-contributions","_lower":"vscode.testing-editor-contributions"},"activationEvent":"onStartupFinished"}
[2021-03-01 19:16:24.211] [exthost] [info] ExtensionService#loadCommonJSModule file:///snap/code/55/usr/share/code/resources/app/extensions/testing-editor-contributions/dist/extension.js
[2021-03-01 19:16:25.435] [exthost] [info] eager extensions activated
[2021-03-01 19:16:27.281] [exthost] [warning] [Decorations] CAPPING events from decorations provider vscode.git 4635
[2021-03-01 19:17:06.850] [exthost] [info] ExtensionService#_doActivateExtension vscode.github-authentication {"startup":false,"extensionId":{"value":"vscode.github-authentication","_lower":"vscode.github-authentication"},"activationEvent":"onAuthenticationRequest:github"}
[2021-03-01 19:17:06.852] [exthost] [info] ExtensionService#loadCommonJSModule file:///snap/code/55/usr/share/code/resources/app/extensions/github-authentication/dist/extension.js
