[2021-02-20 15:25:45.193] [exthost] [info] extension host started
[2021-02-20 15:25:48.325] [exthost] [info] ExtensionService#_doActivateExtension vscode.microsoft-authentication {"startup":false,"extensionId":{"value":"vscode.microsoft-authentication","_lower":"vscode.microsoft-authentication"},"activationEvent":"onAuthenticationRequest:microsoft"}
[2021-02-20 15:25:48.325] [exthost] [info] ExtensionService#loadCommonJSModule file:///snap/code/55/usr/share/code/resources/app/extensions/microsoft-authentication/dist/extension.js
[2021-02-20 15:25:48.506] [exthost] [info] ExtensionService#_doActivateExtension vscode.debug-auto-launch {"startup":true,"extensionId":{"value":"vscode.debug-auto-launch","_lower":"vscode.debug-auto-launch"},"activationEvent":"*"}
[2021-02-20 15:25:48.516] [exthost] [info] ExtensionService#loadCommonJSModule file:///snap/code/55/usr/share/code/resources/app/extensions/debug-auto-launch/dist/extension
[2021-02-20 15:25:48.532] [exthost] [info] ExtensionService#_doActivateExtension vscode.git {"startup":true,"extensionId":{"value":"vscode.github","_lower":"vscode.github"},"activationEvent":"*"}
[2021-02-20 15:25:48.532] [exthost] [info] ExtensionService#loadCommonJSModule file:///snap/code/55/usr/share/code/resources/app/extensions/git/dist/main
[2021-02-20 15:25:49.253] [exthost] [info] ExtensionService#_doActivateExtension vscode.github {"startup":true,"extensionId":{"value":"vscode.github","_lower":"vscode.github"},"activationEvent":"*"}
[2021-02-20 15:25:49.254] [exthost] [info] ExtensionService#loadCommonJSModule file:///snap/code/55/usr/share/code/resources/app/extensions/github/dist/extension.js
[2021-02-20 15:25:49.354] [exthost] [info] ExtensionService#_doActivateExtension ms-vscode.js-debug {"startup":false,"extensionId":{"value":"ms-vscode.js-debug","_lower":"ms-vscode.js-debug"},"activationEvent":"onCommand:extension.js-debug.clearAutoAttachVariables"}
[2021-02-20 15:25:49.354] [exthost] [info] ExtensionService#loadCommonJSModule file:///snap/code/55/usr/share/code/resources/app/extensions/ms-vscode.js-debug/src/extension.js
[2021-02-20 15:25:49.573] [exthost] [info] eager extensions activated
[2021-02-20 15:25:49.690] [exthost] [info] ExtensionService#_doActivateExtension vscode.emmet {"startup":false,"extensionId":{"value":"vscode.emmet","_lower":"vscode.emmet"},"activationEvent":"onStartupFinished"}
[2021-02-20 15:25:49.690] [exthost] [info] ExtensionService#loadCommonJSModule file:///snap/code/55/usr/share/code/resources/app/extensions/emmet/dist/node/emmetNodeMain
[2021-02-20 15:25:49.704] [exthost] [info] ExtensionService#_doActivateExtension vscode.merge-conflict {"startup":false,"extensionId":{"value":"vscode.merge-conflict","_lower":"vscode.merge-conflict"},"activationEvent":"onStartupFinished"}
[2021-02-20 15:25:49.704] [exthost] [info] ExtensionService#loadCommonJSModule file:///snap/code/55/usr/share/code/resources/app/extensions/merge-conflict/dist/mergeConflictMain
[2021-02-20 15:25:49.709] [exthost] [info] ExtensionService#_doActivateExtension vscode.testing-editor-contributions {"startup":false,"extensionId":{"value":"vscode.testing-editor-contributions","_lower":"vscode.testing-editor-contributions"},"activationEvent":"onStartupFinished"}
[2021-02-20 15:25:49.709] [exthost] [info] ExtensionService#loadCommonJSModule file:///snap/code/55/usr/share/code/resources/app/extensions/testing-editor-contributions/dist/extension.js
[2021-02-20 15:25:49.719] [exthost] [info] ExtensionService#_doActivateExtension vscode.github-authentication {"startup":false,"extensionId":{"value":"vscode.github-authentication","_lower":"vscode.github-authentication"},"activationEvent":"onAuthenticationRequest:github"}
[2021-02-20 15:25:49.720] [exthost] [info] ExtensionService#loadCommonJSModule file:///snap/code/55/usr/share/code/resources/app/extensions/github-authentication/dist/extension.js
[2021-02-20 15:33:39.614] [exthost] [warning] [Decorations] CAPPING events from decorations provider vscode.git 641
[2021-02-20 15:35:18.193] [exthost] [warning] [Decorations] CAPPING events from decorations provider vscode.git 642
[2021-02-20 15:51:18.270] [exthost] [warning] [Decorations] CAPPING events from decorations provider vscode.git 3531
[2021-02-20 16:14:53.751] [exthost] [warning] [Decorations] CAPPING events from decorations provider vscode.git 3530
[2021-02-20 16:29:53.729] [exthost] [warning] [Decorations] CAPPING events from decorations provider vscode.git 3530
[2021-02-20 16:29:58.839] [exthost] [warning] [Decorations] CAPPING events from decorations provider vscode.git 3530
[2021-02-20 16:32:04.827] [exthost] [warning] [Decorations] CAPPING events from decorations provider vscode.git 3531
[2021-02-20 16:38:46.677] [exthost] [warning] [Decorations] CAPPING events from decorations provider vscode.git 3553
[2021-02-20 16:58:19.031] [exthost] [warning] [Decorations] CAPPING events from decorations provider vscode.git 3553
[2021-02-20 17:05:20.103] [exthost] [warning] [Decorations] CAPPING events from decorations provider vscode.git 3552
[2021-02-20 17:05:25.368] [exthost] [warning] [Decorations] CAPPING events from decorations provider vscode.git 3552
[2021-02-20 17:21:09.099] [exthost] [warning] [Decorations] CAPPING events from decorations provider vscode.git 4409
[2021-02-20 17:22:35.872] [exthost] [warning] [Decorations] CAPPING events from decorations provider vscode.git 4404
[2021-02-20 17:28:17.150] [exthost] [warning] [Decorations] CAPPING events from decorations provider vscode.git 4406
[2021-02-20 17:37:38.331] [exthost] [warning] [Decorations] CAPPING events from decorations provider vscode.git 4405
[2021-02-20 17:45:33.844] [exthost] [warning] [Decorations] CAPPING events from decorations provider vscode.git 4407
[2021-02-20 17:51:24.930] [exthost] [warning] [Decorations] CAPPING events from decorations provider vscode.git 4445
[2021-02-20 17:54:46.561] [exthost] [warning] [Decorations] CAPPING events from decorations provider vscode.git 4439
[2021-02-20 18:43:05.631] [exthost] [warning] [Decorations] CAPPING events from decorations provider vscode.git 4441
